running egg_info
creating build/tb_control/tb_control.egg-info
writing build/tb_control/tb_control.egg-info/PKG-INFO
writing dependency_links to build/tb_control/tb_control.egg-info/dependency_links.txt
writing entry points to build/tb_control/tb_control.egg-info/entry_points.txt
writing requirements to build/tb_control/tb_control.egg-info/requires.txt
writing top-level names to build/tb_control/tb_control.egg-info/top_level.txt
writing manifest file 'build/tb_control/tb_control.egg-info/SOURCES.txt'
reading manifest file 'build/tb_control/tb_control.egg-info/SOURCES.txt'
writing manifest file 'build/tb_control/tb_control.egg-info/SOURCES.txt'
running build
running build_py
creating /home/rahul1/Desktop/UMD/Fall 24/Robot Modeling/Projects/Project0/testWS/src/tb_control/build/tb_control/build
creating /home/rahul1/Desktop/UMD/Fall 24/Robot Modeling/Projects/Project0/testWS/src/tb_control/build/tb_control/build/lib
creating /home/rahul1/Desktop/UMD/Fall 24/Robot Modeling/Projects/Project0/testWS/src/tb_control/build/tb_control/build/lib/tb_control
copying tb_control/tb_openLoop.py -> /home/rahul1/Desktop/UMD/Fall 24/Robot Modeling/Projects/Project0/testWS/src/tb_control/build/tb_control/build/lib/tb_control
copying tb_control/__init__.py -> /home/rahul1/Desktop/UMD/Fall 24/Robot Modeling/Projects/Project0/testWS/src/tb_control/build/tb_control/build/lib/tb_control
running install
running install_lib
creating /home/rahul1/Desktop/UMD/Fall 24/Robot Modeling/Projects/Project0/testWS/src/tb_control/install/tb_control/lib/python3.10/site-packages/tb_control
copying /home/rahul1/Desktop/UMD/Fall 24/Robot Modeling/Projects/Project0/testWS/src/tb_control/build/tb_control/build/lib/tb_control/tb_openLoop.py -> /home/rahul1/Desktop/UMD/Fall 24/Robot Modeling/Projects/Project0/testWS/src/tb_control/install/tb_control/lib/python3.10/site-packages/tb_control
copying /home/rahul1/Desktop/UMD/Fall 24/Robot Modeling/Projects/Project0/testWS/src/tb_control/build/tb_control/build/lib/tb_control/__init__.py -> /home/rahul1/Desktop/UMD/Fall 24/Robot Modeling/Projects/Project0/testWS/src/tb_control/install/tb_control/lib/python3.10/site-packages/tb_control
byte-compiling /home/rahul1/Desktop/UMD/Fall 24/Robot Modeling/Projects/Project0/testWS/src/tb_control/install/tb_control/lib/python3.10/site-packages/tb_control/tb_openLoop.py to tb_openLoop.cpython-310.pyc
byte-compiling /home/rahul1/Desktop/UMD/Fall 24/Robot Modeling/Projects/Project0/testWS/src/tb_control/install/tb_control/lib/python3.10/site-packages/tb_control/__init__.py to __init__.cpython-310.pyc
running install_data
creating /home/rahul1/Desktop/UMD/Fall 24/Robot Modeling/Projects/Project0/testWS/src/tb_control/install/tb_control/share/ament_index
creating /home/rahul1/Desktop/UMD/Fall 24/Robot Modeling/Projects/Project0/testWS/src/tb_control/install/tb_control/share/ament_index/resource_index
creating /home/rahul1/Desktop/UMD/Fall 24/Robot Modeling/Projects/Project0/testWS/src/tb_control/install/tb_control/share/ament_index/resource_index/packages
copying resource/tb_control -> /home/rahul1/Desktop/UMD/Fall 24/Robot Modeling/Projects/Project0/testWS/src/tb_control/install/tb_control/share/ament_index/resource_index/packages
copying package.xml -> /home/rahul1/Desktop/UMD/Fall 24/Robot Modeling/Projects/Project0/testWS/src/tb_control/install/tb_control/share/tb_control
running install_egg_info
Copying build/tb_control/tb_control.egg-info to /home/rahul1/Desktop/UMD/Fall 24/Robot Modeling/Projects/Project0/testWS/src/tb_control/install/tb_control/lib/python3.10/site-packages/tb_control-0.0.0-py3.10.egg-info
running install_scripts
Installing tb_openLoop script to /home/rahul1/Desktop/UMD/Fall 24/Robot Modeling/Projects/Project0/testWS/src/tb_control/install/tb_control/lib/tb_control
writing list of installed files to '/home/rahul1/Desktop/UMD/Fall 24/Robot Modeling/Projects/Project0/testWS/src/tb_control/build/tb_control/install.log'
